1471745472.165042 client started (9938): socket /tmp/tmux-1000/default, protocol 8
1471745472.165065 on Linux 4.6.0-10-generic #12-Ubuntu SMP Thu Aug 11 14:08:19 UTC 2016; libevent 2.0.21-stable (poll)
1471745472.165076 socket is /tmp/tmux-1000/default
1471745472.165084 trying connect
1471745472.165101 connect failed: Connection refused
1471745472.165109 lock file is /tmp/tmux-1000/default.lock
1471745472.165133 flock succeeded
1471745472.165137 got lock (6)
1471745472.165143 trying connect
1471745472.165149 connect failed: Connection refused
1471745472.165307 add peer 0x559fcc038ef0: 7 ((nil))
1471745472.165386 sending message 100 to peer 0x559fcc038ef0 (4 bytes)
1471745472.165395 sending message 101 to peer 0x559fcc038ef0 (15 bytes)
1471745472.165399 sending message 102 to peer 0x559fcc038ef0 (11 bytes)
1471745472.165404 sending message 108 to peer 0x559fcc038ef0 (21 bytes)
1471745472.165409 sending message 104 to peer 0x559fcc038ef0 (0 bytes)
1471745472.165413 sending message 107 to peer 0x559fcc038ef0 (4 bytes)
1471745472.165418 sending message 105 to peer 0x559fcc038ef0 (23 bytes)
1471745472.165422 sending message 105 to peer 0x559fcc038ef0 (44 bytes)
1471745472.165426 sending message 105 to peer 0x559fcc038ef0 (25 bytes)
1471745472.165430 sending message 105 to peer 0x559fcc038ef0 (17 bytes)
1471745472.165435 sending message 105 to peer 0x559fcc038ef0 (11 bytes)
1471745472.165439 sending message 105 to peer 0x559fcc038ef0 (8 bytes)
1471745472.165443 sending message 105 to peer 0x559fcc038ef0 (13 bytes)
1471745472.165447 sending message 105 to peer 0x559fcc038ef0 (15 bytes)
1471745472.165452 sending message 105 to peer 0x559fcc038ef0 (53 bytes)
1471745472.165456 sending message 105 to peer 0x559fcc038ef0 (20 bytes)
1471745472.165472 sending message 105 to peer 0x559fcc038ef0 (11 bytes)
1471745472.165477 sending message 105 to peer 0x559fcc038ef0 (10 bytes)
1471745472.165483 sending message 105 to peer 0x559fcc038ef0 (41 bytes)
1471745472.165487 sending message 105 to peer 0x559fcc038ef0 (35 bytes)
1471745472.165491 sending message 105 to peer 0x559fcc038ef0 (36 bytes)
1471745472.165496 sending message 105 to peer 0x559fcc038ef0 (19 bytes)
1471745472.165500 sending message 105 to peer 0x559fcc038ef0 (20 bytes)
1471745472.165504 sending message 105 to peer 0x559fcc038ef0 (18 bytes)
1471745472.165508 sending message 105 to peer 0x559fcc038ef0 (25 bytes)
1471745472.165513 sending message 105 to peer 0x559fcc038ef0 (22 bytes)
1471745472.165517 sending message 105 to peer 0x559fcc038ef0 (26 bytes)
1471745472.165521 sending message 105 to peer 0x559fcc038ef0 (44 bytes)
1471745472.165526 sending message 105 to peer 0x559fcc038ef0 (17 bytes)
1471745472.165530 sending message 105 to peer 0x559fcc038ef0 (50 bytes)
1471745472.165534 sending message 105 to peer 0x559fcc038ef0 (13 bytes)
1471745472.165538 sending message 105 to peer 0x559fcc038ef0 (27 bytes)
1471745472.165542 sending message 105 to peer 0x559fcc038ef0 (17 bytes)
1471745472.165548 sending message 105 to peer 0x559fcc038ef0 (21 bytes)
1471745472.165553 sending message 105 to peer 0x559fcc038ef0 (24 bytes)
1471745472.165557 sending message 105 to peer 0x559fcc038ef0 (98 bytes)
1471745472.165561 sending message 105 to peer 0x559fcc038ef0 (17 bytes)
1471745472.165565 sending message 105 to peer 0x559fcc038ef0 (14 bytes)
1471745472.165570 sending message 105 to peer 0x559fcc038ef0 (22 bytes)
1471745472.165573 sending message 105 to peer 0x559fcc038ef0 (33 bytes)
1471745472.165578 sending message 105 to peer 0x559fcc038ef0 (18 bytes)
1471745472.165582 sending message 105 to peer 0x559fcc038ef0 (84 bytes)
1471745472.165586 sending message 105 to peer 0x559fcc038ef0 (23 bytes)
1471745472.165591 sending message 105 to peer 0x559fcc038ef0 (30 bytes)
1471745472.165595 sending message 105 to peer 0x559fcc038ef0 (19 bytes)
1471745472.165599 sending message 105 to peer 0x559fcc038ef0 (19 bytes)
1471745472.165604 sending message 105 to peer 0x559fcc038ef0 (21 bytes)
1471745472.165608 sending message 105 to peer 0x559fcc038ef0 (18 bytes)
1471745472.165614 sending message 105 to peer 0x559fcc038ef0 (20 bytes)
1471745472.165624 sending message 105 to peer 0x559fcc038ef0 (20 bytes)
1471745472.165629 sending message 105 to peer 0x559fcc038ef0 (84 bytes)
1471745472.165634 sending message 105 to peer 0x559fcc038ef0 (24 bytes)
1471745472.165638 sending message 105 to peer 0x559fcc038ef0 (19 bytes)
1471745472.165642 sending message 105 to peer 0x559fcc038ef0 (28 bytes)
1471745472.165646 sending message 105 to peer 0x559fcc038ef0 (26 bytes)
1471745472.165651 sending message 105 to peer 0x559fcc038ef0 (171 bytes)
1471745472.165655 sending message 105 to peer 0x559fcc038ef0 (41 bytes)
1471745472.165660 sending message 105 to peer 0x559fcc038ef0 (18 bytes)
1471745472.165663 sending message 105 to peer 0x559fcc038ef0 (16 bytes)
1471745472.165668 sending message 105 to peer 0x559fcc038ef0 (31 bytes)
1471745472.165672 sending message 105 to peer 0x559fcc038ef0 (20 bytes)
1471745472.165677 sending message 105 to peer 0x559fcc038ef0 (15 bytes)
1471745472.165681 sending message 105 to peer 0x559fcc038ef0 (23 bytes)
1471745472.165687 sending message 105 to peer 0x559fcc038ef0 (18 bytes)
1471745472.165692 sending message 105 to peer 0x559fcc038ef0 (26 bytes)
1471745472.165696 sending message 105 to peer 0x559fcc038ef0 (24 bytes)
1471745472.165700 sending message 105 to peer 0x559fcc038ef0 (11 bytes)
1471745472.165705 sending message 105 to peer 0x559fcc038ef0 (8 bytes)
1471745472.165709 sending message 105 to peer 0x559fcc038ef0 (21 bytes)
1471745472.165713 sending message 105 to peer 0x559fcc038ef0 (32 bytes)
1471745472.165717 sending message 105 to peer 0x559fcc038ef0 (25 bytes)
1471745472.165722 sending message 105 to peer 0x559fcc038ef0 (11 bytes)
1471745472.165726 sending message 105 to peer 0x559fcc038ef0 (16 bytes)
1471745472.165730 sending message 105 to peer 0x559fcc038ef0 (16 bytes)
1471745472.165735 sending message 106 to peer 0x559fcc038ef0 (0 bytes)
1471745472.165740 sending message 200 to peer 0x559fcc038ef0 (4 bytes)
1471745472.165744 client loop enter
1471745472.172916 peer 0x559fcc038ef0 message 207
1471745472.172934 sending message 208 to peer 0x559fcc038ef0 (0 bytes)
1471745476.251598 peer 0x559fcc038ef0 message 203
1471745476.251626 sending message 205 to peer 0x559fcc038ef0 (0 bytes)
1471745476.251825 peer 0x559fcc038ef0 message 204
1471745476.251838 client loop exit
