1471745472.165640 server started (9940): socket /tmp/tmux-1000/default, protocol 8
1471745472.165667 on Linux 4.6.0-10-generic #12-Ubuntu SMP Thu Aug 11 14:08:19 UTC 2016; libevent 2.0.21-stable (poll)
1471745472.165721 continuing cmdq 0x559fcc03d950: flags 0, client (nil)
1471745472.165737 cmdq 0x559fcc03d950: bind-key C-b send-prefix
1471745472.165743 preparing state for bind-key C-b send-prefix (client (nil))
1471745472.165748 cmd_find_client: no target, return (nil)
1471745472.165753 preparing -t state: target none
1471745472.165756 preparing -s state: target none
1471745472.165778 continuing cmdq 0x559fcc03d950: flags 0, client (nil)
1471745472.165784 cmdq 0x559fcc03d950: bind-key C-o rotate-window
1471745472.165790 preparing state for bind-key C-o rotate-window (client (nil))
1471745472.165793 cmd_find_client: no target, return (nil)
1471745472.165797 preparing -t state: target none
1471745472.165800 preparing -s state: target none
1471745472.165810 continuing cmdq 0x559fcc03d950: flags 0, client (nil)
1471745472.165814 cmdq 0x559fcc03d950: bind-key C-z suspend-client
1471745472.165819 preparing state for bind-key C-z suspend-client (client (nil))
1471745472.165823 cmd_find_client: no target, return (nil)
1471745472.165827 preparing -t state: target none
1471745472.165830 preparing -s state: target none
1471745472.165840 continuing cmdq 0x559fcc03d950: flags 0, client (nil)
1471745472.165845 cmdq 0x559fcc03d950: bind-key Space next-layout
1471745472.165850 preparing state for bind-key Space next-layout (client (nil))
1471745472.165854 cmd_find_client: no target, return (nil)
1471745472.165857 preparing -t state: target none
1471745472.165860 preparing -s state: target none
1471745472.165869 continuing cmdq 0x559fcc03d950: flags 0, client (nil)
1471745472.165875 cmdq 0x559fcc03d950: bind-key ! break-pane
1471745472.165879 preparing state for bind-key ! break-pane (client (nil))
1471745472.165883 cmd_find_client: no target, return (nil)
1471745472.165886 preparing -t state: target none
1471745472.165890 preparing -s state: target none
1471745472.165897 continuing cmdq 0x559fcc03d950: flags 0, client (nil)
1471745472.165902 cmdq 0x559fcc03d950: bind-key " split-window
1471745472.165906 preparing state for bind-key " split-window (client (nil))
1471745472.165910 cmd_find_client: no target, return (nil)
1471745472.165938 preparing -t state: target none
1471745472.165943 preparing -s state: target none
1471745472.165953 continuing cmdq 0x559fcc03d950: flags 0, client (nil)
1471745472.165958 cmdq 0x559fcc03d950: bind-key # list-buffers
1471745472.165963 preparing state for bind-key # list-buffers (client (nil))
1471745472.165967 cmd_find_client: no target, return (nil)
1471745472.165970 preparing -t state: target none
1471745472.165973 preparing -s state: target none
1471745472.165983 continuing cmdq 0x559fcc03d950: flags 0, client (nil)
1471745472.165990 cmdq 0x559fcc03d950: bind-key $ command-prompt -I#S "rename-session '%%'"
1471745472.165996 preparing state for bind-key $ command-prompt -I#S "rename-session '%%'" (client (nil))
1471745472.166000 cmd_find_client: no target, return (nil)
1471745472.166003 preparing -t state: target none
1471745472.166006 preparing -s state: target none
1471745472.166014 continuing cmdq 0x559fcc03d950: flags 0, client (nil)
1471745472.166020 cmdq 0x559fcc03d950: bind-key % split-window -h
1471745472.166025 preparing state for bind-key % split-window -h (client (nil))
1471745472.166029 cmd_find_client: no target, return (nil)
1471745472.166033 preparing -t state: target none
1471745472.166036 preparing -s state: target none
1471745472.166047 continuing cmdq 0x559fcc03d950: flags 0, client (nil)
1471745472.166053 cmdq 0x559fcc03d950: bind-key & confirm-before "-pkill-window #W? (y/n)" kill-window
1471745472.166060 preparing state for bind-key & confirm-before "-pkill-window #W? (y/n)" kill-window (client (nil))
1471745472.166064 cmd_find_client: no target, return (nil)
1471745472.166067 preparing -t state: target none
1471745472.166071 preparing -s state: target none
1471745472.166079 continuing cmdq 0x559fcc03d950: flags 0, client (nil)
1471745472.166090 cmdq 0x559fcc03d950: bind-key ' command-prompt -pindex "select-window -t ':%%'"
1471745472.166097 preparing state for bind-key ' command-prompt -pindex "select-window -t ':%%'" (client (nil))
1471745472.166101 cmd_find_client: no target, return (nil)
1471745472.166105 preparing -t state: target none
1471745472.166108 preparing -s state: target none
1471745472.166116 continuing cmdq 0x559fcc03d950: flags 0, client (nil)
1471745472.166122 cmdq 0x559fcc03d950: bind-key ( switch-client -p
1471745472.166127 preparing state for bind-key ( switch-client -p (client (nil))
1471745472.166131 cmd_find_client: no target, return (nil)
1471745472.166134 preparing -t state: target none
1471745472.166138 preparing -s state: target none
1471745472.166147 continuing cmdq 0x559fcc03d950: flags 0, client (nil)
1471745472.166153 cmdq 0x559fcc03d950: bind-key ) switch-client -n
1471745472.166159 preparing state for bind-key ) switch-client -n (client (nil))
1471745472.166163 cmd_find_client: no target, return (nil)
1471745472.166166 preparing -t state: target none
1471745472.166169 preparing -s state: target none
1471745472.166180 continuing cmdq 0x559fcc03d950: flags 0, client (nil)
1471745472.166187 cmdq 0x559fcc03d950: bind-key , command-prompt -I#W "rename-window '%%'"
1471745472.166193 preparing state for bind-key , command-prompt -I#W "rename-window '%%'" (client (nil))
1471745472.166197 cmd_find_client: no target, return (nil)
1471745472.166200 preparing -t state: target none
1471745472.166204 preparing -s state: target none
1471745472.166211 continuing cmdq 0x559fcc03d950: flags 0, client (nil)
1471745472.166216 cmdq 0x559fcc03d950: bind-key - delete-buffer
1471745472.166221 preparing state for bind-key - delete-buffer (client (nil))
1471745472.166224 cmd_find_client: no target, return (nil)
1471745472.166228 preparing -t state: target none
1471745472.166231 preparing -s state: target none
1471745472.166240 continuing cmdq 0x559fcc03d950: flags 0, client (nil)
1471745472.166247 cmdq 0x559fcc03d950: bind-key . command-prompt "move-window -t '%%'"
1471745472.166253 preparing state for bind-key . command-prompt "move-window -t '%%'" (client (nil))
1471745472.166256 cmd_find_client: no target, return (nil)
1471745472.166260 preparing -t state: target none
1471745472.166263 preparing -s state: target none
1471745472.166271 continuing cmdq 0x559fcc03d950: flags 0, client (nil)
1471745472.166276 cmdq 0x559fcc03d950: bind-key 0 select-window -t:=0
1471745472.166282 preparing state for bind-key 0 select-window -t:=0 (client (nil))
1471745472.166285 cmd_find_client: no target, return (nil)
1471745472.166289 preparing -t state: target none
1471745472.166292 preparing -s state: target none
1471745472.166301 continuing cmdq 0x559fcc03d950: flags 0, client (nil)
1471745472.166307 cmdq 0x559fcc03d950: bind-key 1 select-window -t:=1
1471745472.166312 preparing state for bind-key 1 select-window -t:=1 (client (nil))
1471745472.166316 cmd_find_client: no target, return (nil)
1471745472.166319 preparing -t state: target none
1471745472.166322 preparing -s state: target none
1471745472.166331 continuing cmdq 0x559fcc03d950: flags 0, client (nil)
1471745472.166337 cmdq 0x559fcc03d950: bind-key 2 select-window -t:=2
1471745472.166342 preparing state for bind-key 2 select-window -t:=2 (client (nil))
1471745472.166346 cmd_find_client: no target, return (nil)
1471745472.166349 preparing -t state: target none
1471745472.166353 preparing -s state: target none
1471745472.166362 continuing cmdq 0x559fcc03d950: flags 0, client (nil)
1471745472.166367 cmdq 0x559fcc03d950: bind-key 3 select-window -t:=3
1471745472.166373 preparing state for bind-key 3 select-window -t:=3 (client (nil))
1471745472.166377 cmd_find_client: no target, return (nil)
1471745472.166380 preparing -t state: target none
1471745472.166383 preparing -s state: target none
1471745472.166392 continuing cmdq 0x559fcc03d950: flags 0, client (nil)
1471745472.166397 cmdq 0x559fcc03d950: bind-key 4 select-window -t:=4
1471745472.166403 preparing state for bind-key 4 select-window -t:=4 (client (nil))
1471745472.166410 cmd_find_client: no target, return (nil)
1471745472.166413 preparing -t state: target none
1471745472.166417 preparing -s state: target none
1471745472.166426 continuing cmdq 0x559fcc03d950: flags 0, client (nil)
1471745472.166431 cmdq 0x559fcc03d950: bind-key 5 select-window -t:=5
1471745472.166437 preparing state for bind-key 5 select-window -t:=5 (client (nil))
1471745472.166441 cmd_find_client: no target, return (nil)
1471745472.166445 preparing -t state: target none
1471745472.166448 preparing -s state: target none
1471745472.166457 continuing cmdq 0x559fcc03d950: flags 0, client (nil)
1471745472.166462 cmdq 0x559fcc03d950: bind-key 6 select-window -t:=6
1471745472.166468 preparing state for bind-key 6 select-window -t:=6 (client (nil))
1471745472.166472 cmd_find_client: no target, return (nil)
1471745472.166475 preparing -t state: target none
1471745472.166478 preparing -s state: target none
1471745472.166487 continuing cmdq 0x559fcc03d950: flags 0, client (nil)
1471745472.166493 cmdq 0x559fcc03d950: bind-key 7 select-window -t:=7
1471745472.166497 preparing state for bind-key 7 select-window -t:=7 (client (nil))
1471745472.166501 cmd_find_client: no target, return (nil)
1471745472.166505 preparing -t state: target none
1471745472.166508 preparing -s state: target none
1471745472.166517 continuing cmdq 0x559fcc03d950: flags 0, client (nil)
1471745472.166522 cmdq 0x559fcc03d950: bind-key 8 select-window -t:=8
1471745472.166528 preparing state for bind-key 8 select-window -t:=8 (client (nil))
1471745472.166532 cmd_find_client: no target, return (nil)
1471745472.166536 preparing -t state: target none
1471745472.166539 preparing -s state: target none
1471745472.166548 continuing cmdq 0x559fcc03d950: flags 0, client (nil)
1471745472.166553 cmdq 0x559fcc03d950: bind-key 9 select-window -t:=9
1471745472.166559 preparing state for bind-key 9 select-window -t:=9 (client (nil))
1471745472.166563 cmd_find_client: no target, return (nil)
1471745472.166566 preparing -t state: target none
1471745472.166570 preparing -s state: target none
1471745472.166578 continuing cmdq 0x559fcc03d950: flags 0, client (nil)
1471745472.166583 cmdq 0x559fcc03d950: bind-key : command-prompt
1471745472.166588 preparing state for bind-key : command-prompt (client (nil))
1471745472.166592 cmd_find_client: no target, return (nil)
1471745472.166595 preparing -t state: target none
1471745472.166599 preparing -s state: target none
1471745472.166605 continuing cmdq 0x559fcc03d950: flags 0, client (nil)
1471745472.166610 cmdq 0x559fcc03d950: bind-key ; last-pane
1471745472.166615 preparing state for bind-key ; last-pane (client (nil))
1471745472.166619 cmd_find_client: no target, return (nil)
1471745472.166623 preparing -t state: target none
1471745472.166626 preparing -s state: target none
1471745472.166633 continuing cmdq 0x559fcc03d950: flags 0, client (nil)
1471745472.166638 cmdq 0x559fcc03d950: bind-key = choose-buffer
1471745472.166643 preparing state for bind-key = choose-buffer (client (nil))
1471745472.166647 cmd_find_client: no target, return (nil)
1471745472.166650 preparing -t state: target none
1471745472.166654 preparing -s state: target none
1471745472.166660 continuing cmdq 0x559fcc03d950: flags 0, client (nil)
1471745472.166665 cmdq 0x559fcc03d950: bind-key ? list-keys
1471745472.166670 preparing state for bind-key ? list-keys (client (nil))
1471745472.166674 cmd_find_client: no target, return (nil)
1471745472.166677 preparing -t state: target none
1471745472.166681 preparing -s state: target none
1471745472.166690 continuing cmdq 0x559fcc03d950: flags 0, client (nil)
1471745472.166695 cmdq 0x559fcc03d950: bind-key D choose-client
1471745472.166700 preparing state for bind-key D choose-client (client (nil))
1471745472.166704 cmd_find_client: no target, return (nil)
1471745472.166707 preparing -t state: target none
1471745472.166711 preparing -s state: target none
1471745472.166717 continuing cmdq 0x559fcc03d950: flags 0, client (nil)
1471745472.166722 cmdq 0x559fcc03d950: bind-key L switch-client -l
1471745472.166731 preparing state for bind-key L switch-client -l (client (nil))
1471745472.166735 cmd_find_client: no target, return (nil)
1471745472.166738 preparing -t state: target none
1471745472.166742 preparing -s state: target none
1471745472.166751 continuing cmdq 0x559fcc03d950: flags 0, client (nil)
1471745472.166756 cmdq 0x559fcc03d950: bind-key M select-pane -M
1471745472.166761 preparing state for bind-key M select-pane -M (client (nil))
1471745472.166765 cmd_find_client: no target, return (nil)
1471745472.166768 preparing -t state: target none
1471745472.166771 preparing -s state: target none
1471745472.166779 continuing cmdq 0x559fcc03d950: flags 0, client (nil)
1471745472.166784 cmdq 0x559fcc03d950: bind-key [ copy-mode
1471745472.166788 preparing state for bind-key [ copy-mode (client (nil))
1471745472.166792 cmd_find_client: no target, return (nil)
1471745472.166796 preparing -t state: target none
1471745472.166799 preparing -s state: target none
1471745472.166805 continuing cmdq 0x559fcc03d950: flags 0, client (nil)
1471745472.166810 cmdq 0x559fcc03d950: bind-key ] paste-buffer
1471745472.166814 preparing state for bind-key ] paste-buffer (client (nil))
1471745472.166818 cmd_find_client: no target, return (nil)
1471745472.166822 preparing -t state: target none
1471745472.166826 preparing -s state: target none
1471745472.166834 continuing cmdq 0x559fcc03d950: flags 0, client (nil)
1471745472.166839 cmdq 0x559fcc03d950: bind-key c new-window
1471745472.166843 preparing state for bind-key c new-window (client (nil))
1471745472.166847 cmd_find_client: no target, return (nil)
1471745472.166850 preparing -t state: target none
1471745472.166853 preparing -s state: target none
1471745472.166860 continuing cmdq 0x559fcc03d950: flags 0, client (nil)
1471745472.166865 cmdq 0x559fcc03d950: bind-key d detach-client
1471745472.166869 preparing state for bind-key d detach-client (client (nil))
1471745472.166873 cmd_find_client: no target, return (nil)
1471745472.166877 preparing -t state: target none
1471745472.166880 preparing -s state: target none
1471745472.166887 continuing cmdq 0x559fcc03d950: flags 0, client (nil)
1471745472.166892 cmdq 0x559fcc03d950: bind-key f command-prompt "find-window '%%'"
1471745472.166898 preparing state for bind-key f command-prompt "find-window '%%'" (client (nil))
1471745472.166902 cmd_find_client: no target, return (nil)
1471745472.166905 preparing -t state: target none
1471745472.166908 preparing -s state: target none
1471745472.166914 continuing cmdq 0x559fcc03d950: flags 0, client (nil)
1471745472.166919 cmdq 0x559fcc03d950: bind-key i display-message
1471745472.166924 preparing state for bind-key i display-message (client (nil))
1471745472.166928 cmd_find_client: no target, return (nil)
1471745472.166931 preparing -t state: target none
1471745472.166934 preparing -s state: target none
1471745472.166940 continuing cmdq 0x559fcc03d950: flags 0, client (nil)
1471745472.166945 cmdq 0x559fcc03d950: bind-key l last-window
1471745472.166951 preparing state for bind-key l last-window (client (nil))
1471745472.166956 cmd_find_client: no target, return (nil)
1471745472.166959 preparing -t state: target none
1471745472.166962 preparing -s state: target none
1471745472.166969 continuing cmdq 0x559fcc03d950: flags 0, client (nil)
1471745472.166974 cmdq 0x559fcc03d950: bind-key m select-pane -m
1471745472.166979 preparing state for bind-key m select-pane -m (client (nil))
1471745472.166982 cmd_find_client: no target, return (nil)
1471745472.166986 preparing -t state: target none
1471745472.166989 preparing -s state: target none
1471745472.166997 continuing cmdq 0x559fcc03d950: flags 0, client (nil)
1471745472.167001 cmdq 0x559fcc03d950: bind-key n next-window
1471745472.167006 preparing state for bind-key n next-window (client (nil))
1471745472.167010 cmd_find_client: no target, return (nil)
1471745472.167013 preparing -t state: target none
1471745472.167017 preparing -s state: target none
1471745472.167023 continuing cmdq 0x559fcc03d950: flags 0, client (nil)
1471745472.167032 cmdq 0x559fcc03d950: bind-key o select-pane -t:.+
1471745472.167037 preparing state for bind-key o select-pane -t:.+ (client (nil))
1471745472.167041 cmd_find_client: no target, return (nil)
1471745472.167044 preparing -t state: target none
1471745472.167047 preparing -s state: target none
1471745472.167055 continuing cmdq 0x559fcc03d950: flags 0, client (nil)
1471745472.167060 cmdq 0x559fcc03d950: bind-key p previous-window
1471745472.167065 preparing state for bind-key p previous-window (client (nil))
1471745472.167068 cmd_find_client: no target, return (nil)
1471745472.167072 preparing -t state: target none
1471745472.167075 preparing -s state: target none
1471745472.167084 continuing cmdq 0x559fcc03d950: flags 0, client (nil)
1471745472.167089 cmdq 0x559fcc03d950: bind-key q display-panes
1471745472.167093 preparing state for bind-key q display-panes (client (nil))
1471745472.167097 cmd_find_client: no target, return (nil)
1471745472.167101 preparing -t state: target none
1471745472.167104 preparing -s state: target none
1471745472.167110 continuing cmdq 0x559fcc03d950: flags 0, client (nil)
1471745472.167115 cmdq 0x559fcc03d950: bind-key r refresh-client
1471745472.167119 preparing state for bind-key r refresh-client (client (nil))
1471745472.167123 cmd_find_client: no target, return (nil)
1471745472.167126 preparing -t state: target none
1471745472.167130 preparing -s state: target none
1471745472.167137 continuing cmdq 0x559fcc03d950: flags 0, client (nil)
1471745472.167142 cmdq 0x559fcc03d950: bind-key s choose-tree
1471745472.167147 preparing state for bind-key s choose-tree (client (nil))
1471745472.167150 cmd_find_client: no target, return (nil)
1471745472.167153 preparing -t state: target none
1471745472.167157 preparing -s state: target none
1471745472.167163 continuing cmdq 0x559fcc03d950: flags 0, client (nil)
1471745472.167168 cmdq 0x559fcc03d950: bind-key t clock-mode
1471745472.167172 preparing state for bind-key t clock-mode (client (nil))
1471745472.167176 cmd_find_client: no target, return (nil)
1471745472.167179 preparing -t state: target none
1471745472.167182 preparing -s state: target none
1471745472.167188 continuing cmdq 0x559fcc03d950: flags 0, client (nil)
1471745472.167193 cmdq 0x559fcc03d950: bind-key w choose-window
1471745472.167199 preparing state for bind-key w choose-window (client (nil))
1471745472.167203 cmd_find_client: no target, return (nil)
1471745472.167207 preparing -t state: target none
1471745472.167210 preparing -s state: target none
1471745472.167218 continuing cmdq 0x559fcc03d950: flags 0, client (nil)
1471745472.167224 cmdq 0x559fcc03d950: bind-key x confirm-before "-pkill-pane #P? (y/n)" kill-pane
1471745472.167230 preparing state for bind-key x confirm-before "-pkill-pane #P? (y/n)" kill-pane (client (nil))
1471745472.167234 cmd_find_client: no target, return (nil)
1471745472.167237 preparing -t state: target none
1471745472.167240 preparing -s state: target none
1471745472.167247 continuing cmdq 0x559fcc03d950: flags 0, client (nil)
1471745472.167252 cmdq 0x559fcc03d950: bind-key z resize-pane -Z
1471745472.167257 preparing state for bind-key z resize-pane -Z (client (nil))
1471745472.167261 cmd_find_client: no target, return (nil)
1471745472.167264 preparing -t state: target none
1471745472.167267 preparing -s state: target none
1471745472.167275 continuing cmdq 0x559fcc03d950: flags 0, client (nil)
1471745472.167280 cmdq 0x559fcc03d950: bind-key { swap-pane -U
1471745472.167285 preparing state for bind-key { swap-pane -U (client (nil))
1471745472.167289 cmd_find_client: no target, return (nil)
1471745472.167292 preparing -t state: target none
1471745472.167296 preparing -s state: target none
1471745472.167304 continuing cmdq 0x559fcc03d950: flags 0, client (nil)
1471745472.167309 cmdq 0x559fcc03d950: bind-key } swap-pane -D
1471745472.167314 preparing state for bind-key } swap-pane -D (client (nil))
1471745472.167318 cmd_find_client: no target, return (nil)
1471745472.167321 preparing -t state: target none
1471745472.167326 preparing -s state: target none
1471745472.167337 continuing cmdq 0x559fcc03d950: flags 0, client (nil)
1471745472.167343 cmdq 0x559fcc03d950: bind-key ~ show-messages
1471745472.167347 preparing state for bind-key ~ show-messages (client (nil))
1471745472.167351 cmd_find_client: no target, return (nil)
1471745472.167354 preparing -t state: target none
1471745472.167357 preparing -s state: target none
1471745472.167366 continuing cmdq 0x559fcc03d950: flags 0, client (nil)
1471745472.167371 cmdq 0x559fcc03d950: bind-key PPage copy-mode -u
1471745472.167376 preparing state for bind-key PPage copy-mode -u (client (nil))
1471745472.167379 cmd_find_client: no target, return (nil)
1471745472.167383 preparing -t state: target none
1471745472.167386 preparing -s state: target none
1471745472.167394 continuing cmdq 0x559fcc03d950: flags 0, client (nil)
1471745472.167399 cmdq 0x559fcc03d950: bind-key -r Up select-pane -U
1471745472.167405 preparing state for bind-key -r Up select-pane -U (client (nil))
1471745472.167409 cmd_find_client: no target, return (nil)
1471745472.167412 preparing -t state: target none
1471745472.167416 preparing -s state: target none
1471745472.167425 continuing cmdq 0x559fcc03d950: flags 0, client (nil)
1471745472.167431 cmdq 0x559fcc03d950: bind-key -r Down select-pane -D
1471745472.167437 preparing state for bind-key -r Down select-pane -D (client (nil))
1471745472.167440 cmd_find_client: no target, return (nil)
1471745472.167444 preparing -t state: target none
1471745472.167447 preparing -s state: target none
1471745472.167456 continuing cmdq 0x559fcc03d950: flags 0, client (nil)
1471745472.167461 cmdq 0x559fcc03d950: bind-key -r Left select-pane -L
1471745472.167469 preparing state for bind-key -r Left select-pane -L (client (nil))
1471745472.167473 cmd_find_client: no target, return (nil)
1471745472.167477 preparing -t state: target none
1471745472.167480 preparing -s state: target none
1471745472.167489 continuing cmdq 0x559fcc03d950: flags 0, client (nil)
1471745472.167495 cmdq 0x559fcc03d950: bind-key -r Right select-pane -R
1471745472.167501 preparing state for bind-key -r Right select-pane -R (client (nil))
1471745472.167504 cmd_find_client: no target, return (nil)
1471745472.167507 preparing -t state: target none
1471745472.167511 preparing -s state: target none
1471745472.167520 continuing cmdq 0x559fcc03d950: flags 0, client (nil)
1471745472.167526 cmdq 0x559fcc03d950: bind-key M-1 select-layout even-horizontal
1471745472.167531 preparing state for bind-key M-1 select-layout even-horizontal (client (nil))
1471745472.167535 cmd_find_client: no target, return (nil)
1471745472.167538 preparing -t state: target none
1471745472.167541 preparing -s state: target none
1471745472.167549 continuing cmdq 0x559fcc03d950: flags 0, client (nil)
1471745472.167555 cmdq 0x559fcc03d950: bind-key M-2 select-layout even-vertical
1471745472.167561 preparing state for bind-key M-2 select-layout even-vertical (client (nil))
1471745472.167564 cmd_find_client: no target, return (nil)
1471745472.167568 preparing -t state: target none
1471745472.167571 preparing -s state: target none
1471745472.167579 continuing cmdq 0x559fcc03d950: flags 0, client (nil)
1471745472.167585 cmdq 0x559fcc03d950: bind-key M-3 select-layout main-horizontal
1471745472.167590 preparing state for bind-key M-3 select-layout main-horizontal (client (nil))
1471745472.167594 cmd_find_client: no target, return (nil)
1471745472.167597 preparing -t state: target none
1471745472.167600 preparing -s state: target none
1471745472.167611 continuing cmdq 0x559fcc03d950: flags 0, client (nil)
1471745472.167617 cmdq 0x559fcc03d950: bind-key M-4 select-layout main-vertical
1471745472.167622 preparing state for bind-key M-4 select-layout main-vertical (client (nil))
1471745472.167626 cmd_find_client: no target, return (nil)
1471745472.167629 preparing -t state: target none
1471745472.167633 preparing -s state: target none
1471745472.167640 continuing cmdq 0x559fcc03d950: flags 0, client (nil)
1471745472.167646 cmdq 0x559fcc03d950: bind-key M-5 select-layout tiled
1471745472.167651 preparing state for bind-key M-5 select-layout tiled (client (nil))
1471745472.167658 cmd_find_client: no target, return (nil)
1471745472.167662 preparing -t state: target none
1471745472.167665 preparing -s state: target none
1471745472.167674 continuing cmdq 0x559fcc03d950: flags 0, client (nil)
1471745472.167679 cmdq 0x559fcc03d950: bind-key M-n next-window -a
1471745472.167684 preparing state for bind-key M-n next-window -a (client (nil))
1471745472.167688 cmd_find_client: no target, return (nil)
1471745472.167691 preparing -t state: target none
1471745472.167695 preparing -s state: target none
1471745472.167702 continuing cmdq 0x559fcc03d950: flags 0, client (nil)
1471745472.167707 cmdq 0x559fcc03d950: bind-key M-o rotate-window -D
1471745472.167713 preparing state for bind-key M-o rotate-window -D (client (nil))
1471745472.167716 cmd_find_client: no target, return (nil)
1471745472.167720 preparing -t state: target none
1471745472.167723 preparing -s state: target none
1471745472.167731 continuing cmdq 0x559fcc03d950: flags 0, client (nil)
1471745472.167736 cmdq 0x559fcc03d950: bind-key M-p previous-window -a
1471745472.167743 preparing state for bind-key M-p previous-window -a (client (nil))
1471745472.167747 cmd_find_client: no target, return (nil)
1471745472.167751 preparing -t state: target none
1471745472.167754 preparing -s state: target none
1471745472.167763 continuing cmdq 0x559fcc03d950: flags 0, client (nil)
1471745472.167769 cmdq 0x559fcc03d950: bind-key -r M-Up resize-pane -U 5
1471745472.167775 preparing state for bind-key -r M-Up resize-pane -U 5 (client (nil))
1471745472.167779 cmd_find_client: no target, return (nil)
1471745472.167782 preparing -t state: target none
1471745472.167786 preparing -s state: target none
1471745472.167796 continuing cmdq 0x559fcc03d950: flags 0, client (nil)
1471745472.167803 cmdq 0x559fcc03d950: bind-key -r M-Down resize-pane -D 5
1471745472.167809 preparing state for bind-key -r M-Down resize-pane -D 5 (client (nil))
1471745472.167812 cmd_find_client: no target, return (nil)
1471745472.167816 preparing -t state: target none
1471745472.167819 preparing -s state: target none
1471745472.167829 continuing cmdq 0x559fcc03d950: flags 0, client (nil)
1471745472.167835 cmdq 0x559fcc03d950: bind-key -r M-Left resize-pane -L 5
1471745472.167841 preparing state for bind-key -r M-Left resize-pane -L 5 (client (nil))
1471745472.167845 cmd_find_client: no target, return (nil)
1471745472.167848 preparing -t state: target none
1471745472.167852 preparing -s state: target none
1471745472.167861 continuing cmdq 0x559fcc03d950: flags 0, client (nil)
1471745472.167867 cmdq 0x559fcc03d950: bind-key -r M-Right resize-pane -R 5
1471745472.167876 preparing state for bind-key -r M-Right resize-pane -R 5 (client (nil))
1471745472.167879 cmd_find_client: no target, return (nil)
1471745472.167883 preparing -t state: target none
1471745472.167886 preparing -s state: target none
1471745472.167895 continuing cmdq 0x559fcc03d950: flags 0, client (nil)
1471745472.167901 cmdq 0x559fcc03d950: bind-key -r C-Up resize-pane -U
1471745472.167907 preparing state for bind-key -r C-Up resize-pane -U (client (nil))
1471745472.167910 cmd_find_client: no target, return (nil)
1471745472.167914 preparing -t state: target none
1471745472.167917 preparing -s state: target none
1471745472.167926 continuing cmdq 0x559fcc03d950: flags 0, client (nil)
1471745472.167932 cmdq 0x559fcc03d950: bind-key -r C-Down resize-pane -D
1471745472.167938 preparing state for bind-key -r C-Down resize-pane -D (client (nil))
1471745472.167941 cmd_find_client: no target, return (nil)
1471745472.167944 preparing -t state: target none
1471745472.167948 preparing -s state: target none
1471745472.167956 continuing cmdq 0x559fcc03d950: flags 0, client (nil)
1471745472.167962 cmdq 0x559fcc03d950: bind-key -r C-Left resize-pane -L
1471745472.167968 preparing state for bind-key -r C-Left resize-pane -L (client (nil))
1471745472.167972 cmd_find_client: no target, return (nil)
1471745472.167975 preparing -t state: target none
1471745472.167978 preparing -s state: target none
1471745472.167990 continuing cmdq 0x559fcc03d950: flags 0, client (nil)
1471745472.167996 cmdq 0x559fcc03d950: bind-key -r C-Right resize-pane -R
1471745472.168002 preparing state for bind-key -r C-Right resize-pane -R (client (nil))
1471745472.168006 cmd_find_client: no target, return (nil)
1471745472.168009 preparing -t state: target none
1471745472.168014 preparing -s state: target none
1471745472.168024 continuing cmdq 0x559fcc03d950: flags 0, client (nil)
1471745472.168031 cmdq 0x559fcc03d950: bind-key -n MouseDown1Pane select-pane -t=; send-keys -M
1471745472.168038 preparing state for bind-key -n MouseDown1Pane select-pane -t=; send-keys -M (client (nil))
1471745472.168042 cmd_find_client: no target, return (nil)
1471745472.168045 preparing -t state: target none
1471745472.168049 preparing -s state: target none
1471745472.168060 continuing cmdq 0x559fcc03d950: flags 0, client (nil)
1471745472.168066 cmdq 0x559fcc03d950: bind-key -n MouseDrag1Border resize-pane -M
1471745472.168073 preparing state for bind-key -n MouseDrag1Border resize-pane -M (client (nil))
1471745472.168076 cmd_find_client: no target, return (nil)
1471745472.168079 preparing -t state: target none
1471745472.168083 preparing -s state: target none
1471745472.168093 continuing cmdq 0x559fcc03d950: flags 0, client (nil)
1471745472.168099 cmdq 0x559fcc03d950: bind-key -n MouseDown1Status select-window -t=
1471745472.168105 preparing state for bind-key -n MouseDown1Status select-window -t= (client (nil))
1471745472.168109 cmd_find_client: no target, return (nil)
1471745472.168113 preparing -t state: target none
1471745472.168116 preparing -s state: target none
1471745472.168125 continuing cmdq 0x559fcc03d950: flags 0, client (nil)
1471745472.168131 cmdq 0x559fcc03d950: bind-key -n WheelDownStatus next-window
1471745472.168137 preparing state for bind-key -n WheelDownStatus next-window (client (nil))
1471745472.168140 cmd_find_client: no target, return (nil)
1471745472.168143 preparing -t state: target none
1471745472.168147 preparing -s state: target none
1471745472.168157 continuing cmdq 0x559fcc03d950: flags 0, client (nil)
1471745472.168162 cmdq 0x559fcc03d950: bind-key -n WheelUpStatus previous-window
1471745472.168169 preparing state for bind-key -n WheelUpStatus previous-window (client (nil))
1471745472.168173 cmd_find_client: no target, return (nil)
1471745472.168177 preparing -t state: target none
1471745472.168180 preparing -s state: target none
1471745472.168193 continuing cmdq 0x559fcc03d950: flags 0, client (nil)
1471745472.168203 cmdq 0x559fcc03d950: bind-key -n MouseDrag1Pane if -Ft= #{mouse_any_flag} "if -Ft= "#{pane_in_mode}" "copy-mode -M" "send-keys -M"" "copy-mode -M"
1471745472.168212 preparing state for bind-key -n MouseDrag1Pane if -Ft= #{mouse_any_flag} "if -Ft= "#{pane_in_mode}" "copy-mode -M" "send-keys -M"" "copy-mode -M" (client (nil))
1471745472.168216 cmd_find_client: no target, return (nil)
1471745472.168219 preparing -t state: target none
1471745472.168223 preparing -s state: target none
1471745472.168234 continuing cmdq 0x559fcc03d950: flags 0, client (nil)
1471745472.168244 cmdq 0x559fcc03d950: bind-key -n MouseDown3Pane if-shell -Ft= #{mouse_any_flag} "select-pane -t=; send-keys -M" "select-pane -mt="
1471745472.168252 preparing state for bind-key -n MouseDown3Pane if-shell -Ft= #{mouse_any_flag} "select-pane -t=; send-keys -M" "select-pane -mt=" (client (nil))
1471745472.168256 cmd_find_client: no target, return (nil)
1471745472.168260 preparing -t state: target none
1471745472.168263 preparing -s state: target none
1471745472.168275 continuing cmdq 0x559fcc03d950: flags 0, client (nil)
1471745472.168284 cmdq 0x559fcc03d950: bind-key -n WheelUpPane if-shell -Ft= #{mouse_any_flag} "send-keys -M" "if -Ft= "#{pane_in_mode}" "send-keys -M" "copy-mode -et=""
1471745472.168293 preparing state for bind-key -n WheelUpPane if-shell -Ft= #{mouse_any_flag} "send-keys -M" "if -Ft= "#{pane_in_mode}" "send-keys -M" "copy-mode -et="" (client (nil))
1471745472.168297 cmd_find_client: no target, return (nil)
1471745472.168304 preparing -t state: target none
1471745472.168307 preparing -s state: target none
1471745472.168397 add peer 0x559fcc04c010: 8 (0x559fcc04ba00)
1471745472.168405 new client 0x559fcc04ba00
1471745472.168447 continuing cmdq 0x559fcc04a1b0: flags 0, client (nil)
1471745472.168452 unref client 0x559fcc04ba00 (2 references)
1471745472.168457 server loop enter
1471745472.168485 peer 0x559fcc04c010 message 100
1471745472.168491 client 0x559fcc04ba00 IDENTIFY_FLAGS 0x10000
1471745472.168494 peer 0x559fcc04c010 message 101
1471745472.168498 client 0x559fcc04ba00 IDENTIFY_TERM xterm-256color
1471745472.168502 peer 0x559fcc04c010 message 102
1471745472.168506 client 0x559fcc04ba00 IDENTIFY_TTYNAME /dev/pts/0
1471745472.168510 peer 0x559fcc04c010 message 108
1471745472.168515 client 0x559fcc04ba00 IDENTIFY_CWD /home/andy/.dotfiles
1471745472.168519 peer 0x559fcc04c010 message 104
1471745472.168523 client 0x559fcc04ba00 IDENTIFY_STDIN 6
1471745472.168540 peer 0x559fcc04c010 message 107
1471745472.168544 client 0x559fcc04ba00 IDENTIFY_CLIENTPID 9938
1471745472.168548 peer 0x559fcc04c010 message 105
1471745472.168553 client 0x559fcc04ba00 IDENTIFY_ENVIRON LC_ADDRESS=en_US.UTF-8
1471745472.168557 peer 0x559fcc04c010 message 105
1471745472.168564 client 0x559fcc04ba00 IDENTIFY_ENVIRON XDG_CONFIG_DIRS=/etc/xdg/xdg-gnome:/etc/xdg
1471745472.168569 peer 0x559fcc04c010 message 105
1471745472.168573 client 0x559fcc04ba00 IDENTIFY_ENVIRON LC_TELEPHONE=en_US.UTF-8
1471745472.168577 peer 0x559fcc04c010 message 105
1471745472.168581 client 0x559fcc04ba00 IDENTIFY_ENVIRON LANG=en_US.UTF-8
1471745472.168585 peer 0x559fcc04c010 message 105
1471745472.168589 client 0x559fcc04ba00 IDENTIFY_ENVIRON DISPLAY=:1
1471745472.168593 peer 0x559fcc04c010 message 105
1471745472.168598 client 0x559fcc04ba00 IDENTIFY_ENVIRON SHLVL=1
1471745472.168602 peer 0x559fcc04c010 message 105
1471745472.168606 client 0x559fcc04ba00 IDENTIFY_ENVIRON LOGNAME=andy
1471745472.168610 peer 0x559fcc04c010 message 105
1471745472.168614 client 0x559fcc04ba00 IDENTIFY_ENVIRON LANGUAGE=en_US
1471745472.168618 peer 0x559fcc04c010 message 105
1471745472.168623 client 0x559fcc04ba00 IDENTIFY_ENVIRON MANDATORY_PATH=/usr/share/gconf/gnome.mandatory.path
1471745472.168626 peer 0x559fcc04c010 message 105
1471745472.168631 client 0x559fcc04ba00 IDENTIFY_ENVIRON LC_NAME=en_US.UTF-8
1471745472.168635 peer 0x559fcc04c010 message 105
1471745472.168639 client 0x559fcc04ba00 IDENTIFY_ENVIRON XDG_VTNR=2
1471745472.168643 peer 0x559fcc04c010 message 105
1471745472.168647 client 0x559fcc04ba00 IDENTIFY_ENVIRON USER=andy
1471745472.168651 peer 0x559fcc04c010 message 105
1471745472.168656 client 0x559fcc04ba00 IDENTIFY_ENVIRON XAUTHORITY=/run/user/1000/gdm/Xauthority
1471745472.168660 peer 0x559fcc04c010 message 105
1471745472.168664 client 0x559fcc04ba00 IDENTIFY_ENVIRON QT_LINUX_ACCESSIBILITY_ALWAYS_ON=1
1471745472.168668 peer 0x559fcc04c010 message 105
1471745472.168673 client 0x559fcc04ba00 IDENTIFY_ENVIRON QT_QPA_PLATFORMTHEME=qgnomeplatform
1471745472.168677 peer 0x559fcc04c010 message 105
1471745472.168681 client 0x559fcc04ba00 IDENTIFY_ENVIRON GTK_IM_MODULE=ibus
1471745472.168685 peer 0x559fcc04c010 message 105
1471745472.168689 client 0x559fcc04ba00 IDENTIFY_ENVIRON COLORTERM=truecolor
1471745472.168693 peer 0x559fcc04c010 message 105
1471745472.168697 client 0x559fcc04ba00 IDENTIFY_ENVIRON XDG_SESSION_ID=14
1471745472.168701 peer 0x559fcc04c010 message 105
1471745472.168706 client 0x559fcc04ba00 IDENTIFY_ENVIRON PWD=/home/andy/.dotfiles
1471745472.168710 peer 0x559fcc04c010 message 105
1471745472.168714 client 0x559fcc04ba00 IDENTIFY_ENVIRON DESKTOP_SESSION=gnome
1471745472.168718 peer 0x559fcc04c010 message 105
1471745472.168723 client 0x559fcc04ba00 IDENTIFY_ENVIRON XDG_SESSION_DESKTOP=gnome
1471745472.168727 peer 0x559fcc04c010 message 105
1471745472.168731 client 0x559fcc04ba00 IDENTIFY_ENVIRON GNOME_DESKTOP_SESSION_ID=this-is-deprecated
1471745472.168735 peer 0x559fcc04c010 message 105
1471745472.168739 client 0x559fcc04ba00 IDENTIFY_ENVIRON GDMSESSION=gnome
1471745472.168747 peer 0x559fcc04c010 message 105
1471745472.168752 client 0x559fcc04ba00 IDENTIFY_ENVIRON DEFAULTS_PATH=/usr/share/gconf/gnome.default.path
1471745472.168755 peer 0x559fcc04c010 message 105
1471745472.168760 client 0x559fcc04ba00 IDENTIFY_ENVIRON WINDOWPATH=2
1471745472.168764 peer 0x559fcc04c010 message 105
1471745472.168768 client 0x559fcc04ba00 IDENTIFY_ENVIRON LC_MEASUREMENT=en_US.UTF-8
1471745472.168772 peer 0x559fcc04c010 message 105
1471745472.168777 client 0x559fcc04ba00 IDENTIFY_ENVIRON PAPERSIZE=letter
1471745472.168780 peer 0x559fcc04c010 message 105
1471745472.168785 client 0x559fcc04ba00 IDENTIFY_ENVIRON LC_PAPER=en_US.UTF-8
1471745472.168789 peer 0x559fcc04c010 message 105
1471745472.168793 client 0x559fcc04ba00 IDENTIFY_ENVIRON LC_MONETARY=en_US.UTF-8
1471745472.168797 peer 0x559fcc04c010 message 105
1471745472.168802 client 0x559fcc04ba00 IDENTIFY_ENVIRON DBUS_SESSION_BUS_ADDRESS=unix:abstract=/tmp/dbus-IYfqqxIQEO,guid=cdf05899a91bb4f0ccc361b557b704d8
1471745472.168807 peer 0x559fcc04c010 message 105
1471745472.168811 client 0x559fcc04ba00 IDENTIFY_ENVIRON VTE_VERSION=4402
1471745472.168815 peer 0x559fcc04c010 message 105
1471745472.168819 client 0x559fcc04ba00 IDENTIFY_ENVIRON USERNAME=andy
1471745472.168823 peer 0x559fcc04c010 message 105
1471745472.168827 client 0x559fcc04ba00 IDENTIFY_ENVIRON CLUTTER_IM_MODULE=xim
1471745472.168831 peer 0x559fcc04c010 message 105
1471745472.168836 client 0x559fcc04ba00 IDENTIFY_ENVIRON GJS_DEBUG_TOPICS=JS ERROR;JS LOG
1471745472.168840 peer 0x559fcc04c010 message 105
1471745472.168844 client 0x559fcc04ba00 IDENTIFY_ENVIRON QT4_IM_MODULE=xim
1471745472.168848 peer 0x559fcc04c010 message 105
1471745472.168853 client 0x559fcc04ba00 IDENTIFY_ENVIRON XDG_DATA_DIRS=/usr/share/gnome:/usr/local/share/:/usr/share/:/var/lib/snapd/desktop
1471745472.168857 peer 0x559fcc04c010 message 105
1471745472.168862 client 0x559fcc04ba00 IDENTIFY_ENVIRON XDG_MENU_PREFIX=gnome-
1471745472.168865 peer 0x559fcc04c010 message 105
1471745472.168870 client 0x559fcc04ba00 IDENTIFY_ENVIRON LC_IDENTIFICATION=en_US.UTF-8
1471745472.168874 peer 0x559fcc04c010 message 105
1471745472.168878 client 0x559fcc04ba00 IDENTIFY_ENVIRON QT_ACCESSIBILITY=1
1471745472.168882 peer 0x559fcc04c010 message 105
1471745472.168886 client 0x559fcc04ba00 IDENTIFY_ENVIRON SHELL=/usr/bin/zsh
1471745472.168890 peer 0x559fcc04c010 message 105
1471745472.168894 client 0x559fcc04ba00 IDENTIFY_ENVIRON XDG_SESSION_TYPE=x11
1471745472.168898 peer 0x559fcc04c010 message 105
1471745472.168902 client 0x559fcc04ba00 IDENTIFY_ENVIRON QT_IM_MODULE=ibus
1471745472.168906 peer 0x559fcc04c010 message 105
1471745472.168910 client 0x559fcc04ba00 IDENTIFY_ENVIRON LC_TIME=en_US.UTF-8
1471745472.168914 peer 0x559fcc04c010 message 105
1471745472.168919 client 0x559fcc04ba00 IDENTIFY_ENVIRON TERM=xterm-256color
1471745472.168922 peer 0x559fcc04c010 message 105
1471745472.168928 client 0x559fcc04ba00 IDENTIFY_ENVIRON SESSION_MANAGER=local/theyeti:@/tmp/.ICE-unix/5063,unix/theyeti:/tmp/.ICE-unix/5063
1471745472.168931 peer 0x559fcc04c010 message 105
1471745472.168936 client 0x559fcc04ba00 IDENTIFY_ENVIRON GJS_DEBUG_OUTPUT=stderr
1471745472.168940 peer 0x559fcc04c010 message 105
1471745472.168944 client 0x559fcc04ba00 IDENTIFY_ENVIRON SSH_AGENT_PID=5149
1471745472.168948 peer 0x559fcc04c010 message 105
1471745472.168953 client 0x559fcc04ba00 IDENTIFY_ENVIRON GTK_MODULES=gail:atk-bridge
1471745472.168956 peer 0x559fcc04c010 message 105
1471745472.168961 client 0x559fcc04ba00 IDENTIFY_ENVIRON XDG_CURRENT_DESKTOP=GNOME
1471745472.168965 peer 0x559fcc04c010 message 105
1471745472.168973 client 0x559fcc04ba00 IDENTIFY_ENVIRON PATH=/usr/bin:/bin:/usr/sbin:/sbin:/home/andy/bin:/home/andy/.local/bin:/usr/local/sbin:/usr/local/bin:/usr/sbin:/usr/bin:/sbin:/bin:/usr/games:/usr/local/games:/snap/bin
1471745472.168978 peer 0x559fcc04c010 message 105
1471745472.168983 client 0x559fcc04ba00 IDENTIFY_ENVIRON SSH_AUTH_SOCK=/run/user/1000/keyring/ssh
1471745472.168987 peer 0x559fcc04c010 message 105
1471745472.168991 client 0x559fcc04ba00 IDENTIFY_ENVIRON WINDOWID=20971526
1471745472.168999 peer 0x559fcc04c010 message 105
1471745472.169003 client 0x559fcc04ba00 IDENTIFY_ENVIRON HOME=/home/andy
1471745472.169007 peer 0x559fcc04c010 message 105
1471745472.169012 client 0x559fcc04ba00 IDENTIFY_ENVIRON XDG_RUNTIME_DIR=/run/user/1000
1471745472.169016 peer 0x559fcc04c010 message 105
1471745472.169020 client 0x559fcc04ba00 IDENTIFY_ENVIRON XMODIFIERS=@im=ibus
1471745472.169023 peer 0x559fcc04c010 message 105
1471745472.169028 client 0x559fcc04ba00 IDENTIFY_ENVIRON XDG_SEAT=seat0
1471745472.169032 peer 0x559fcc04c010 message 105
1471745472.169036 client 0x559fcc04ba00 IDENTIFY_ENVIRON LC_NUMERIC=en_US.UTF-8
1471745472.169040 peer 0x559fcc04c010 message 105
1471745472.169044 client 0x559fcc04ba00 IDENTIFY_ENVIRON OLDPWD=/home/andy
1471745472.169048 peer 0x559fcc04c010 message 105
1471745472.169052 client 0x559fcc04ba00 IDENTIFY_ENVIRON ZSH=/home/andy/.oh-my-zsh
1471745472.169056 peer 0x559fcc04c010 message 105
1471745472.169061 client 0x559fcc04ba00 IDENTIFY_ENVIRON MANPATH=/usr/local/man:
1471745472.169064 peer 0x559fcc04c010 message 105
1471745472.169068 client 0x559fcc04ba00 IDENTIFY_ENVIRON PAGER=less
1471745472.169072 peer 0x559fcc04c010 message 105
1471745472.169076 client 0x559fcc04ba00 IDENTIFY_ENVIRON LESS=-R
1471745472.169080 peer 0x559fcc04c010 message 105
1471745472.169085 client 0x559fcc04ba00 IDENTIFY_ENVIRON LC_CTYPE=en_US.UTF-8
1471745472.169088 peer 0x559fcc04c010 message 105
1471745472.169092 client 0x559fcc04ba00 IDENTIFY_ENVIRON LSCOLORS=Gxfxcxdxbxegedabagacad
1471745472.169096 peer 0x559fcc04c010 message 105
1471745472.169101 client 0x559fcc04ba00 IDENTIFY_ENVIRON AWS_HOME=/home/andy/.aws
1471745472.169105 peer 0x559fcc04c010 message 105
1471745472.169109 client 0x559fcc04ba00 IDENTIFY_ENVIRON EDITOR=vim
1471745472.169112 peer 0x559fcc04c010 message 105
1471745472.169117 client 0x559fcc04ba00 IDENTIFY_ENVIRON _=/usr/bin/tmux
1471745472.169121 peer 0x559fcc04c010 message 105
1471745472.169125 client 0x559fcc04ba00 IDENTIFY_ENVIRON EVENT_NOEPOLL=1
1471745472.169129 peer 0x559fcc04c010 message 106
1471745472.169159 peer 0x559fcc04c010 message 200
1471745472.169169 continuing cmdq 0x559fcc03d950: flags 0, client 0x559fcc04ba00
1471745472.169173 cmdq 0x559fcc03d950: new-session
1471745472.169177 preparing state for new-session (client 0x559fcc04ba00)
1471745472.169181 cmd_find_current_session: have client 0x559fcc04ba00
1471745472.169186 cmd_find_client: no target, return (nil)
1471745472.169190 preparing -t state: target none
1471745472.169194 cmd_prepare_state_flag: flag t 4 0x2
1471745472.169197 cmd_find_current_session: have client 0x559fcc04ba00
1471745472.169201 cmd_find_target: target none, type 2
1471745472.169205 cmd_find_target: cmdq 0x559fcc03d950, flags 0x2
1471745472.169209 cmd_find_target: s=none
1471745472.169212 cmd_find_target: wl=none
1471745472.169216 cmd_find_target: wp=none
1471745472.169218 cmd_find_target: idx=none
1471745472.169222 preparing -s state: target none
1471745472.169227 new term: xterm-256color
1471745472.169430 xterm-256color override: XT 
1471745472.169441 xterm-256color override: Ms \033]52;%p1%s;%p2%s\a
1471745472.169449 xterm-256color override: Cs \033]12;%p1%s\a
1471745472.169456 xterm-256color override: Cr \033]112\a
1471745472.169462 xterm-256color override: Ss \033[%p1%d q
1471745472.169470 xterm-256color override: Se \033[2 q
1471745472.169502 new key \033Oo: 0x100000000045 (KP/)
1471745472.169507 new key \033Oj: 0x100000000046 (KP*)
1471745472.169511 new key \033Om: 0x100000000047 (KP-)
1471745472.169515 new key \033Ow: 0x100000000048 (KP7)
1471745472.169519 new key \033Ox: 0x100000000049 (KP8)
1471745472.169523 new key \033Oy: 0x10000000004a (KP9)
1471745472.169527 new key \033Ok: 0x10000000004b (KP+)
1471745472.169530 new key \033Ot: 0x10000000004c (KP4)
1471745472.169534 new key \033Ou: 0x10000000004d (KP5)
1471745472.169538 new key \033Ov: 0x10000000004e (KP6)
1471745472.169542 new key \033Oq: 0x10000000004f (KP1)
1471745472.169546 new key \033Or: 0x100000000050 (KP2)
1471745472.169550 new key \033Os: 0x100000000051 (KP3)
1471745472.169558 new key \033OM: 0x100000000052 (KPEnter)
1471745472.169562 new key \033Op: 0x100000000053 (KP0)
1471745472.169566 new key \033On: 0x100000000054 (KP.)
1471745472.169569 new key \033OA: 0x100000000041 (Up)
1471745472.169573 new key \033OB: 0x100000000042 (Down)
1471745472.169577 new key \033OC: 0x100000000044 (Right)
1471745472.169581 new key \033OD: 0x100000000043 (Left)
1471745472.169585 new key \033[A: 0x100000000041 (Up)
1471745472.169589 new key \033[B: 0x100000000042 (Down)
1471745472.169593 new key \033[C: 0x100000000044 (Right)
1471745472.169597 new key \033[D: 0x100000000043 (Left)
1471745472.169601 new key \033OH: 0x10000000003c (Home)
1471745472.169604 new key \033OF: 0x10000000003d (End)
1471745472.169608 new key \033[H: 0x10000000003c (Home)
1471745472.169612 new key \033[F: 0x10000000003d (End)
1471745472.169616 new key \033Oa: 0x500000000041 (C-Up)
1471745472.169620 new key \033Ob: 0x500000000042 (C-Down)
1471745472.169624 new key \033Oc: 0x500000000044 (C-Right)
1471745472.169628 new key \033Od: 0x500000000043 (C-Left)
1471745472.169632 new key \033[a: 0x900000000041 (S-Up)
1471745472.169635 new key \033[b: 0x900000000042 (S-Down)
1471745472.169639 new key \033[c: 0x900000000044 (S-Right)
1471745472.169643 new key \033[d: 0x900000000043 (S-Left)
1471745472.169647 new key \033[11^: 0x50000000002e (C-F1)
1471745472.169651 new key \033[12^: 0x50000000002f (C-F2)
1471745472.169655 new key \033[13^: 0x500000000030 (C-F3)
1471745472.169659 new key \033[14^: 0x500000000031 (C-F4)
1471745472.169663 new key \033[15^: 0x500000000032 (C-F5)
1471745472.169667 new key \033[17^: 0x500000000033 (C-F6)
1471745472.169671 new key \033[18^: 0x500000000034 (C-F7)
1471745472.169675 new key \033[19^: 0x500000000035 (C-F8)
1471745472.169678 new key \033[20^: 0x500000000036 (C-F9)
1471745472.169682 new key \033[21^: 0x500000000037 (C-F10)
1471745472.169686 new key \033[23^: 0x500000000038 (C-F11)
1471745472.169690 new key \033[24^: 0x500000000039 (C-F12)
1471745472.169694 new key \033[2^: 0x50000000003a (C-IC)
1471745472.169698 new key \033[3^: 0x50000000003b (C-DC)
1471745472.169701 new key \033[7^: 0x50000000003c (C-Home)
1471745472.169706 new key \033[8^: 0x50000000003d (C-End)
1471745472.169710 new key \033[6^: 0x50000000003e (C-NPage)
1471745472.169714 new key \033[5^: 0x50000000003f (C-PPage)
1471745472.169718 new key \033[11$: 0x90000000002e (S-F1)
1471745472.169722 new key \033[12$: 0x90000000002f (S-F2)
1471745472.169725 new key \033[13$: 0x900000000030 (S-F3)
1471745472.169729 new key \033[14$: 0x900000000031 (S-F4)
1471745472.169733 new key \033[15$: 0x900000000032 (S-F5)
1471745472.169737 new key \033[17$: 0x900000000033 (S-F6)
1471745472.169741 new key \033[18$: 0x900000000034 (S-F7)
1471745472.169744 new key \033[19$: 0x900000000035 (S-F8)
1471745472.169748 new key \033[20$: 0x900000000036 (S-F9)
1471745472.169752 new key \033[21$: 0x900000000037 (S-F10)
1471745472.169756 new key \033[23$: 0x900000000038 (S-F11)
1471745472.169761 new key \033[24$: 0x900000000039 (S-F12)
1471745472.169765 new key \033[2$: 0x90000000003a (S-IC)
1471745472.169768 new key \033[3$: 0x90000000003b (S-DC)
1471745472.169772 new key \033[7$: 0x90000000003c (S-Home)
1471745472.169776 new key \033[8$: 0x90000000003d (S-End)
1471745472.169780 new key \033[6$: 0x90000000003e (S-NPage)
1471745472.169784 new key \033[5$: 0x90000000003f (S-PPage)
1471745472.169788 new key \033[11@: 0xd0000000002e (C-S-F1)
1471745472.169792 new key \033[12@: 0xd0000000002f (C-S-F2)
1471745472.169796 new key \033[13@: 0xd00000000030 (C-S-F3)
1471745472.169800 new key \033[14@: 0xd00000000031 (C-S-F4)
1471745472.169804 new key \033[15@: 0xd00000000032 (C-S-F5)
1471745472.169808 new key \033[17@: 0xd00000000033 (C-S-F6)
1471745472.169811 new key \033[18@: 0xd00000000034 (C-S-F7)
1471745472.169815 new key \033[19@: 0xd00000000035 (C-S-F8)
1471745472.169819 new key \033[20@: 0xd00000000036 (C-S-F9)
1471745472.169823 new key \033[21@: 0xd00000000037 (C-S-F10)
1471745472.169827 new key \033[23@: 0xd00000000038 (C-S-F11)
1471745472.169831 new key \033[24@: 0xd00000000039 (C-S-F12)
1471745472.169838 new key \033[2@: 0xd0000000003a (C-S-IC)
1471745472.169842 new key \033[3@: 0xd0000000003b (C-S-DC)
1471745472.169846 new key \033[7@: 0xd0000000003c (C-S-Home)
1471745472.169850 new key \033[8@: 0xd0000000003d (C-S-End)
1471745472.169854 new key \033[6@: 0xd0000000003e (C-S-NPage)
1471745472.169858 new key \033[5@: 0xd0000000003f (C-S-PPage)
1471745472.169863 new key \033[I: 0x100000000000 (Invalid#100000000000)
1471745472.169867 new key \033[O: 0x100000000001 (Invalid#100000000001)
1471745472.169871 new key \033OP: 0x10000000002e (F1)
1471745472.169875 new key \033OQ: 0x10000000002f (F2)
1471745472.169878 new key \033OR: 0x100000000030 (F3)
1471745472.169882 new key \033OS: 0x100000000031 (F4)
1471745472.169886 new key \033[15~: 0x100000000032 (F5)
1471745472.169890 new key \033[17~: 0x100000000033 (F6)
1471745472.169894 new key \033[18~: 0x100000000034 (F7)
1471745472.169897 new key \033[19~: 0x100000000035 (F8)
1471745472.169901 new key \033[20~: 0x100000000036 (F9)
1471745472.169905 new key \033[21~: 0x100000000037 (F10)
1471745472.169909 new key \033[23~: 0x100000000038 (F11)
1471745472.169928 new key \033[24~: 0x100000000039 (F12)
1471745472.169934 new key \033[1;2P: 0x90000000002e (S-F1)
1471745472.169938 new key \033[1;2Q: 0x90000000002f (S-F2)
1471745472.169942 new key \033[1;2R: 0x900000000030 (S-F3)
1471745472.169946 new key \033[1;2S: 0x900000000031 (S-F4)
1471745472.169950 new key \033[15;2~: 0x900000000032 (S-F5)
1471745472.169954 new key \033[17;2~: 0x900000000033 (S-F6)
1471745472.169958 new key \033[18;2~: 0x900000000034 (S-F7)
1471745472.169962 new key \033[19;2~: 0x900000000035 (S-F8)
1471745472.169965 new key \033[20;2~: 0x900000000036 (S-F9)
1471745472.169969 new key \033[21;2~: 0x900000000037 (S-F10)
1471745472.169973 new key \033[23;2~: 0x900000000038 (S-F11)
1471745472.169977 new key \033[24;2~: 0x900000000039 (S-F12)
1471745472.169982 new key \033[1;5P: 0x50000000002e (C-F1)
1471745472.169985 new key \033[1;5Q: 0x50000000002f (C-F2)
1471745472.169989 new key \033[1;5R: 0x500000000030 (C-F3)
1471745472.169993 new key \033[1;5S: 0x500000000031 (C-F4)
1471745472.169997 new key \033[15;5~: 0x500000000032 (C-F5)
1471745472.170002 new key \033[17;5~: 0x500000000033 (C-F6)
1471745472.170006 new key \033[18;5~: 0x500000000034 (C-F7)
1471745472.170009 new key \033[19;5~: 0x500000000035 (C-F8)
1471745472.170013 new key \033[20;5~: 0x500000000036 (C-F9)
1471745472.170017 new key \033[21;5~: 0x500000000037 (C-F10)
1471745472.170021 new key \033[23;5~: 0x500000000038 (C-F11)
1471745472.170025 new key \033[24;5~: 0x500000000039 (C-F12)
1471745472.170033 new key \033[1;6P: 0xd0000000002e (C-S-F1)
1471745472.170037 new key \033[1;6Q: 0xd0000000002f (C-S-F2)
1471745472.170041 new key \033[1;6R: 0xd00000000030 (C-S-F3)
1471745472.170045 new key \033[1;6S: 0xd00000000031 (C-S-F4)
1471745472.170049 new key \033[15;6~: 0xd00000000032 (C-S-F5)
1471745472.170054 new key \033[17;6~: 0xd00000000033 (C-S-F6)
1471745472.170058 new key \033[18;6~: 0xd00000000034 (C-S-F7)
1471745472.170062 new key \033[19;6~: 0xd00000000035 (C-S-F8)
1471745472.170066 new key \033[20;6~: 0xd00000000036 (C-S-F9)
1471745472.170070 new key \033[21;6~: 0xd00000000037 (C-S-F10)
1471745472.170074 new key \033[23;6~: 0xd00000000038 (C-S-F11)
1471745472.170079 new key \033[24;6~: 0xd00000000039 (C-S-F12)
1471745472.170083 new key \033[1;3P: 0x30000000002e (M-F1)
1471745472.170087 new key \033[1;3Q: 0x30000000002f (M-F2)
1471745472.170091 new key \033[1;3R: 0x300000000030 (M-F3)
1471745472.170095 new key \033[1;3S: 0x300000000031 (M-F4)
1471745472.170099 new key \033[15;3~: 0x300000000032 (M-F5)
1471745472.170105 new key \033[17;3~: 0x300000000033 (M-F6)
1471745472.170109 new key \033[18;3~: 0x300000000034 (M-F7)
1471745472.170113 new key \033[19;3~: 0x300000000035 (M-F8)
1471745472.170116 new key \033[20;3~: 0x300000000036 (M-F9)
1471745472.170120 new key \033[21;3~: 0x300000000037 (M-F10)
1471745472.170124 new key \033[23;3~: 0x300000000038 (M-F11)
1471745472.170128 new key \033[24;3~: 0x300000000039 (M-F12)
1471745472.170136 new key \033[1;4P: 0xb0000000002e (M-S-F1)
1471745472.170140 new key \033[1;4Q: 0xb0000000002f (M-S-F2)
1471745472.170144 new key \033[1;4R: 0xb00000000030 (M-S-F3)
1471745472.170148 new key \033[2~: 0x10000000003a (IC)
1471745472.170152 new key \033[3~: 0x10000000003b (DC)
1471745472.170156 replacing key \033OH: 0x10000000003c (Home)
1471745472.170160 replacing key \033OF: 0x10000000003d (End)
1471745472.170164 new key \033[6~: 0x10000000003e (NPage)
1471745472.170168 new key \033[5~: 0x10000000003f (PPage)
1471745472.170172 new key \033[Z: 0x100000000040 (BTab)
1471745472.170176 replacing key \033OA: 0x100000000041 (Up)
1471745472.170182 replacing key \033OB: 0x100000000042 (Down)
1471745472.170185 replacing key \033OD: 0x100000000043 (Left)
1471745472.170189 replacing key \033OC: 0x100000000044 (Right)
1471745472.170193 new key \033[3;2~: 0x90000000003b (S-DC)
1471745472.170197 new key \033[3;3~: 0x30000000003b (M-DC)
1471745472.170201 new key \033[3;4~: 0xb0000000003b (M-S-DC)
1471745472.170205 new key \033[3;5~: 0x50000000003b (C-DC)
1471745472.170209 new key \033[3;6~: 0xd0000000003b (C-S-DC)
1471745472.170213 new key \033[3;7~: 0x70000000003b (C-M-DC)
1471745472.170217 new key \033[1;2B: 0x900000000042 (S-Down)
1471745472.170221 new key \033[1;3B: 0x300000000042 (M-Down)
1471745472.170225 new key \033[1;4B: 0xb00000000042 (M-S-Down)
1471745472.170229 new key \033[1;5B: 0x500000000042 (C-Down)
1471745472.170233 new key \033[1;6B: 0xd00000000042 (C-S-Down)
1471745472.170237 new key \033[1;7B: 0x700000000042 (C-M-Down)
1471745472.170241 new key \033[1;2F: 0x90000000003d (S-End)
1471745472.170245 new key \033[1;3F: 0x30000000003d (M-End)
1471745472.170249 new key \033[1;4F: 0xb0000000003d (M-S-End)
1471745472.170255 new key \033[1;5F: 0x50000000003d (C-End)
1471745472.170259 new key \033[1;6F: 0xd0000000003d (C-S-End)
1471745472.170263 new key \033[1;7F: 0x70000000003d (C-M-End)
1471745472.170267 new key \033[1;2H: 0x90000000003c (S-Home)
1471745472.170271 new key \033[1;3H: 0x30000000003c (M-Home)
1471745472.170275 new key \033[1;4H: 0xb0000000003c (M-S-Home)
1471745472.170279 new key \033[1;5H: 0x50000000003c (C-Home)
1471745472.170283 new key \033[1;6H: 0xd0000000003c (C-S-Home)
1471745472.170287 new key \033[1;7H: 0x70000000003c (C-M-Home)
1471745472.170292 new key \033[2;2~: 0x90000000003a (S-IC)
1471745472.170295 new key \033[2;3~: 0x30000000003a (M-IC)
1471745472.170299 new key \033[2;4~: 0xb0000000003a (M-S-IC)
1471745472.170303 new key \033[2;5~: 0x50000000003a (C-IC)
1471745472.170308 new key \033[2;6~: 0xd0000000003a (C-S-IC)
1471745472.170312 new key \033[2;7~: 0x70000000003a (C-M-IC)
1471745472.170315 new key \033[1;2D: 0x900000000043 (S-Left)
1471745472.170319 new key \033[1;3D: 0x300000000043 (M-Left)
1471745472.170325 new key \033[1;4D: 0xb00000000043 (M-S-Left)
1471745472.170330 new key \033[1;5D: 0x500000000043 (C-Left)
1471745472.170334 new key \033[1;6D: 0xd00000000043 (C-S-Left)
1471745472.170337 new key \033[1;7D: 0x700000000043 (C-M-Left)
1471745472.170342 new key \033[6;2~: 0x90000000003e (S-NPage)
1471745472.170346 new key \033[6;3~: 0x30000000003e (M-NPage)
1471745472.170350 new key \033[6;4~: 0xb0000000003e (M-S-NPage)
1471745472.170354 new key \033[6;5~: 0x50000000003e (C-NPage)
1471745472.170358 new key \033[6;6~: 0xd0000000003e (C-S-NPage)
1471745472.170362 new key \033[6;7~: 0x70000000003e (C-M-NPage)
1471745472.170366 new key \033[5;2~: 0x90000000003f (S-PPage)
1471745472.170370 new key \033[5;3~: 0x30000000003f (M-PPage)
1471745472.170374 new key \033[5;4~: 0xb0000000003f (M-S-PPage)
1471745472.170378 new key \033[5;5~: 0x50000000003f (C-PPage)
1471745472.170382 new key \033[5;6~: 0xd0000000003f (C-S-PPage)
1471745472.170388 new key \033[5;7~: 0x70000000003f (C-M-PPage)
1471745472.170392 new key \033[1;2C: 0x900000000044 (S-Right)
1471745472.170396 new key \033[1;3C: 0x300000000044 (M-Right)
1471745472.170400 new key \033[1;4C: 0xb00000000044 (M-S-Right)
1471745472.170404 new key \033[1;5C: 0x500000000044 (C-Right)
1471745472.170408 new key \033[1;6C: 0xd00000000044 (C-S-Right)
1471745472.170416 new key \033[1;7C: 0x700000000044 (C-M-Right)
1471745472.170420 new key \033[1;2A: 0x900000000041 (S-Up)
1471745472.170424 new key \033[1;3A: 0x300000000041 (M-Up)
1471745472.170428 new key \033[1;4A: 0xb00000000041 (M-S-Up)
1471745472.170432 new key \033[1;5A: 0x500000000041 (C-Up)
1471745472.170436 new key \033[1;6A: 0xd00000000041 (C-S-Up)
1471745472.170440 new key \033[1;7A: 0x700000000041 (C-M-Up)
1471745472.170455 new session 0 $0
1471745472.170467 session 0 activity 1471745472.170458 (last 0.000000)
1471745472.170517 @0 alerts flags added 0x2
1471745472.170527 spawn: /usr/bin/zsh -- 
1471745472.172373 @0 alerts timer reset 0
1471745472.172389 session 0 created
1471745472.172396 sending message 207 to peer 0x559fcc04c010 (0 bytes)
1471745472.172405 client 0x559fcc04ba00, status interval 15
1471745472.172411 session 0 activity 1471745472.172409 (last 1471745472.170458)
1471745472.172430 session 0 has 3 references
1471745472.172434 session 0 has 2 references
1471745472.172438 unref client 0x559fcc04ba00 (2 references)
1471745472.172519 format '[#S] ' -> '[0] '
1471745472.172567 format ' "#{=21:pane_title}" 19:11 20-Aug-16' -> ' "theyeti" 19:11 20-Aug-16'
1471745472.172609 format '#{window_flags}' -> '*'
1471745472.172614 format '#I:#W#{?window_flags,#{window_flags}, }' -> '0:zsh*'
1471745472.172852 @0 active pane not changed
1471745472.172903 @0 active pane not changed
1471745472.172981 peer 0x559fcc04c010 message 208
1471745472.172999 @0 active pane not changed
1471745472.338126 %0 has 230 bytes
1471745472.338155 @0 alerts timer reset 0
1471745472.338176 input_parse: %0 ground, 230 bytes: \033[1m\033[3m%\033[23m\033[1m\033[0m                                                                                                                                                                                              \r \r\033k~/.dotfiles\033\\
1471745472.338185 input_csi_dispatch: 'm' "" "1"
1471745472.338191 input_csi_dispatch: 'm' "" "3"
1471745472.338214 input_csi_dispatch: 'm' "" "23"
1471745472.338219 input_csi_dispatch: 'm' "" "1"
1471745472.338223 input_csi_dispatch: 'm' "" "0"
1471745472.338335 input_c0_dispatch: '\r'
1471745472.338342 input_c0_dispatch: '\r'
1471745472.338347 input_enter_rename
1471745472.338351 input_exit_rename: "~/.dotfiles"
1471745472.338358 input_esc_dispatch: '\\', 
1471745472.338362 input_esc_dispatch: unknown '\\'
1471745472.338440 format '[#S] ' -> '[0] '
1471745472.338487 format ' "#{=21:pane_title}" 19:11 20-Aug-16' -> ' "theyeti" 19:11 20-Aug-16'
1471745472.338528 format '#{window_flags}' -> '*'
1471745472.338533 format '#I:#W#{?window_flags,#{window_flags}, }' -> '0:~/.dotfiles*'
1471745472.407081 %0 has 95 bytes
1471745472.407112 @0 alerts timer reset 0
1471745472.407121 input_parse: %0 ground, 95 bytes: \r\033[0m\033[23m\033[24m\033[J\033[35m[.dotfiles] \033[00m\033[K\033[167C\033[35mmaster\033[00m \033[33m \342\234\255\033[30m \342\234\261\033[00m\033[178D
1471745472.407126 input_c0_dispatch: '\r'
1471745472.407134 input_csi_dispatch: 'm' "" "0"
1471745472.407140 input_csi_dispatch: 'm' "" "23"
1471745472.407145 input_csi_dispatch: 'm' "" "24"
1471745472.407149 input_csi_dispatch: 'J' "" ""
1471745472.407181 input_csi_dispatch: 'm' "" "35"
1471745472.407201 input_csi_dispatch: 'm' "" "00"
1471745472.407205 input_csi_dispatch: 'K' "" ""
1471745472.407212 input_csi_dispatch: 'C' "" "167"
1471745472.407216 input_csi_dispatch: 'm' "" "35"
1471745472.407231 input_csi_dispatch: 'm' "" "00"
1471745472.407238 input_csi_dispatch: 'm' "" "33"
1471745472.407245 input_utf8_open 3
1471745472.407250 input_utf8_add
1471745472.407257 input_utf8_close 3 '\342\234\255' (width 1)
1471745472.407262 input_csi_dispatch: 'm' "" "30"
1471745472.407269 input_utf8_open 3
1471745472.407273 input_utf8_add
1471745472.407277 input_utf8_close 3 '\342\234\261' (width 1)
1471745472.407283 input_csi_dispatch: 'm' "" "00"
1471745472.407288 input_csi_dispatch: 'D' "" "178"
1471745472.407309 %0 has 7 bytes
1471745472.407314 @0 alerts timer reset 0
1471745472.407319 input_parse: %0 ground, 7 bytes: \033[?1h\033=
1471745472.407333 input_csi_dispatch: 'h' "?" "1"
1471745472.407338 input_esc_dispatch: '=', 
1471745472.407478 %0 has 8 bytes
1471745472.407503 @0 alerts timer reset 0
1471745472.407510 input_parse: %0 ground, 8 bytes: \033[?2004h
1471745472.407519 input_csi_dispatch: 'h' "?" "2004"
1471745475.757008 keys are 1 (e)
1471745475.757041 complete key e 0x65
1471745475.757050 session 0 activity 1471745475.757046 (last 1471745472.172409)
1471745475.757057 session 0 not pasting
1471745475.757065 writing key 0x65 (e) to %0
1471745475.763356 %0 has 25 bytes
1471745475.763380 @0 alerts timer reset 0
1471745475.763387 input_parse: %0 ground, 25 bytes: \033[1m\033[31me\033[0m\033[39mxit\b\b\b
1471745475.763395 input_csi_dispatch: 'm' "" "1"
1471745475.763402 input_csi_dispatch: 'm' "" "31"
1471745475.763422 input_csi_dispatch: 'm' "" "0"
1471745475.763427 input_csi_dispatch: 'm' "" "39"
1471745475.763434 input_c0_dispatch: '\b'
1471745475.763438 input_c0_dispatch: '\b'
1471745475.763442 input_c0_dispatch: '\b'
1471745475.959005 keys are 1 (x)
1471745475.959032 complete key x 0x78
1471745475.959040 session 0 activity 1471745475.959037 (last 1471745475.757046)
1471745475.959047 session 0 not pasting
1471745475.959054 writing key 0x78 (x) to %0
1471745475.964214 %0 has 22 bytes
1471745475.964234 @0 alerts timer reset 0
1471745475.964241 input_parse: %0 ground, 22 bytes: \b\033[0m\033[32me\033[32mx\033[39m
1471745475.964246 input_c0_dispatch: '\b'
1471745475.964253 input_csi_dispatch: 'm' "" "0"
1471745475.964259 input_csi_dispatch: 'm' "" "32"
1471745475.964279 input_csi_dispatch: 'm' "" "32"
1471745475.964286 input_csi_dispatch: 'm' "" "39"
1471745476.057204 keys are 1 (i)
1471745476.057230 complete key i 0x69
1471745476.057237 session 0 activity 1471745476.057234 (last 1471745475.959037)
1471745476.057244 session 0 not pasting
1471745476.057251 writing key 0x69 (i) to %0
1471745476.062861 %0 has 41 bytes
1471745476.062881 @0 alerts timer reset 0
1471745476.062889 input_parse: %0 ground, 41 bytes: \b\b\033[1m\033[31me\033[1m\033[31mx\033[1m\033[31mi\033[0m\033[39m
1471745476.062894 input_c0_dispatch: '\b'
1471745476.062897 input_c0_dispatch: '\b'
1471745476.062905 input_csi_dispatch: 'm' "" "1"
1471745476.062911 input_csi_dispatch: 'm' "" "31"
1471745476.062932 input_csi_dispatch: 'm' "" "1"
1471745476.062937 input_csi_dispatch: 'm' "" "31"
1471745476.062942 input_csi_dispatch: 'm' "" "1"
1471745476.062947 input_csi_dispatch: 'm' "" "31"
1471745476.062953 input_csi_dispatch: 'm' "" "0"
1471745476.062957 input_csi_dispatch: 'm' "" "39"
1471745476.158978 keys are 1 (t)
1471745476.159003 complete key t 0x74
1471745476.159012 session 0 activity 1471745476.159008 (last 1471745476.057234)
1471745476.159018 session 0 not pasting
1471745476.159026 writing key 0x74 (t) to %0
1471745476.164164 %0 has 44 bytes
1471745476.164183 @0 alerts timer reset 0
1471745476.164191 input_parse: %0 ground, 44 bytes: \b\b\b\033[0m\033[32me\033[0m\033[32mx\033[0m\033[32mi\033[32mt\033[39m
1471745476.164195 input_c0_dispatch: '\b'
1471745476.164199 input_c0_dispatch: '\b'
1471745476.164203 input_c0_dispatch: '\b'
1471745476.164210 input_csi_dispatch: 'm' "" "0"
1471745476.164216 input_csi_dispatch: 'm' "" "32"
1471745476.164237 input_csi_dispatch: 'm' "" "0"
1471745476.164242 input_csi_dispatch: 'm' "" "32"
1471745476.164248 input_csi_dispatch: 'm' "" "0"
1471745476.164252 input_csi_dispatch: 'm' "" "32"
1471745476.164258 input_csi_dispatch: 'm' "" "32"
1471745476.164264 input_csi_dispatch: 'm' "" "39"
1471745476.239029 keys are 1 (\r)
1471745476.239054 complete key \r 0xd
1471745476.239062 session 0 activity 1471745476.239059 (last 1471745476.159008)
1471745476.239069 session 0 not pasting
1471745476.239076 writing key 0xd (Enter) to %0
1471745476.239717 %0 has 7 bytes
1471745476.239732 @0 alerts timer reset 0
1471745476.239739 input_parse: %0 ground, 7 bytes: \033[?1l\033>
1471745476.239747 input_csi_dispatch: 'l' "?" "1"
1471745476.239752 input_esc_dispatch: '>', 
1471745476.240341 %0 has 11 bytes
1471745476.240355 @0 alerts timer reset 0
1471745476.240372 input_parse: %0 ground, 11 bytes: \033[?2004l\r\r\n
1471745476.240379 input_csi_dispatch: 'l' "?" "2004"
1471745476.240384 input_c0_dispatch: '\r'
1471745476.240387 input_c0_dispatch: '\r'
1471745476.240391 input_c0_dispatch: '\n'
1471745476.240998 %0 has 8 bytes
1471745476.241005 @0 alerts timer reset 0
1471745476.241010 input_parse: %0 ground, 8 bytes: \033kexit\033\\
1471745476.241015 input_enter_rename
1471745476.241020 input_exit_rename: "exit"
1471745476.241027 input_esc_dispatch: '\\', 
1471745476.241031 input_esc_dispatch: unknown '\\'
1471745476.241113 format '[#S] ' -> '[0] '
1471745476.241161 format ' "#{=21:pane_title}" 19:11 20-Aug-16' -> ' "theyeti" 19:11 20-Aug-16'
1471745476.241203 format '#{window_flags}' -> '*'
1471745476.241208 format '#I:#W#{?window_flags,#{window_flags}, }' -> '0:exit*'
1471745476.251407 cmd_find_from_window: s=$0
1471745476.251421 cmd_find_from_window: wl=0 1 w=@0 exit
1471745476.251425 cmd_find_from_window: wp=none
1471745476.251429 cmd_find_from_window: idx=0
1471745476.251436 session 0 has 2 references
1471745476.251446 session 0 destroyed
1471745476.251452 session 0 has 2 references
1471745476.251456 session 0 has 1 references
1471745476.251476 sending message 203 to peer 0x559fcc04c010 (4 bytes)
1471745476.251519 session 0 freed (0 references)
1471745476.251678 peer 0x559fcc04c010 message 205
1471745476.251768 sending message 204 to peer 0x559fcc04c010 (0 bytes)
1471745476.252079 lost client 0x559fcc04ba00
1471745476.252104 remove peer 0x559fcc04c010
1471745476.252132 unref client 0x559fcc04ba00 (1 references)
1471745476.252152 server loop exit
